[debug] [2024-04-24T23:19:04.355Z] ----------------------------------------------------------------------
[debug] [2024-04-24T23:19:04.358Z] Command:       C:\Program Files\nodejs\node.exe C:\Program Files\nodejs\node_modules\firebase-tools\lib\bin\firebase.js init
[debug] [2024-04-24T23:19:04.358Z] CLI Version:   13.4.0
[debug] [2024-04-24T23:19:04.358Z] Platform:      win32
[debug] [2024-04-24T23:19:04.359Z] Node Version:  v20.10.0
[debug] [2024-04-24T23:19:04.359Z] Time:          Wed Apr 24 2024 20:19:04 GMT-0300 (Horário Padrão de Brasília)
[debug] [2024-04-24T23:19:04.359Z] ----------------------------------------------------------------------
[debug] 
[debug] [2024-04-24T23:19:04.362Z] >>> [apiv2][query] GET https://firebase-public.firebaseio.com/cli.json [none]
[debug] [2024-04-24T23:19:04.408Z] > command requires scopes: ["email","openid","https://www.googleapis.com/auth/cloudplatformprojects.readonly","https://www.googleapis.com/auth/firebase","https://www.googleapis.com/auth/cloud-platform"]
[debug] [2024-04-24T23:19:04.408Z] > authorizing via signed-in user (leandroacarvalho227@gmail.com)
[info] 
     ######## #### ########  ######## ########     ###     ######  ########
     ##        ##  ##     ## ##       ##     ##  ##   ##  ##       ##
     ######    ##  ########  ######   ########  #########  ######  ######
     ##        ##  ##    ##  ##       ##     ## ##     ##       ## ##
     ##       #### ##     ## ######## ########  ##     ##  ######  ########

You're about to initialize a Firebase project in this directory:

  C:\Users\leand\OneDrive\Área de Trabalho\MAwayotlearn\testing

[debug] [2024-04-24T23:19:04.749Z] <<< [apiv2][status] GET https://firebase-public.firebaseio.com/cli.json 200
[debug] [2024-04-24T23:19:04.749Z] <<< [apiv2][body] GET https://firebase-public.firebaseio.com/cli.json {"cloudBuildErrorAfter":1594252800000,"cloudBuildWarnAfter":1590019200000,"defaultNode10After":1594252800000,"minVersion":"3.0.5","node8DeploysDisabledAfter":1613390400000,"node8RuntimeDisabledAfter":1615809600000,"node8WarnAfter":1600128000000}
[info] 
=== Project Setup
[info] 
[info] First, let's associate this project directory with a Firebase project.
[info] You can create multiple project aliases by running firebase use --add, 
[info] but for now we'll just set up a default project.
[info] 
[debug] [2024-04-24T23:20:15.756Z] > refreshing access token with scopes: []
[debug] [2024-04-24T23:20:15.758Z] >>> [apiv2][query] POST https://www.googleapis.com/oauth2/v3/token [none]
[debug] [2024-04-24T23:20:15.758Z] >>> [apiv2][body] POST https://www.googleapis.com/oauth2/v3/token [omitted]
[debug] [2024-04-24T23:20:16.114Z] <<< [apiv2][status] POST https://www.googleapis.com/oauth2/v3/token 200
[debug] [2024-04-24T23:20:16.114Z] <<< [apiv2][body] POST https://www.googleapis.com/oauth2/v3/token [omitted]
[debug] [2024-04-24T23:20:16.134Z] >>> [apiv2][query] GET https://firebase.googleapis.com/v1beta1/projects pageSize=100
[debug] [2024-04-24T23:20:17.222Z] <<< [apiv2][status] GET https://firebase.googleapis.com/v1beta1/projects 200
[debug] [2024-04-24T23:20:17.222Z] <<< [apiv2][body] GET https://firebase.googleapis.com/v1beta1/projects [omitted]
[info] i  Using project maway-950d1 (Maway) 
[info] 
=== Hosting Setup
[debug] [2024-04-24T23:20:22.405Z] >>> [apiv2][query] GET https://firebase.googleapis.com/v1beta1/projects/maway-950d1 [none]
[debug] [2024-04-24T23:20:22.821Z] <<< [apiv2][status] GET https://firebase.googleapis.com/v1beta1/projects/maway-950d1 200
[debug] [2024-04-24T23:20:22.821Z] <<< [apiv2][body] GET https://firebase.googleapis.com/v1beta1/projects/maway-950d1 {"projectId":"maway-950d1","projectNumber":"649352085180","displayName":"Maway","name":"projects/maway-950d1","resources":{"hostingSite":"maway-950d1","storageBucket":"maway-950d1.appspot.com","locationId":"us-central"},"state":"ACTIVE","etag":"1_ab20eecc-05b0-443c-a8a5-8a1212bc44dd"}
[info] 
[info] Your public directory is the folder (relative to your project directory) that
[info] will contain Hosting assets to be uploaded with firebase deploy. If you
[info] have a build process for your assets, use your build's output directory.
[info] 
